This file contains any messages produced by compilers while
running configure, to aid debugging if configure makes a mistake.

It was created by ID3 Tag configure 0.15.1b, which was
generated by GNU Autoconf 2.59.  Invocation command line was

  $ configure --target=psp

## --------- ##
## Platform. ##
## --------- ##

hostname = LIQUID-NB
uname -m = i686
uname -r = 1.0.11(0.46/3/2)
uname -s = MINGW32_NT-5.1
uname -v = 2007-12-05 00:35

/usr/bin/uname -p = unknown
/bin/uname -X     = unknown

/bin/arch              = unknown
/usr/bin/arch -k       = unknown
/usr/convex/getsysinfo = unknown
hostinfo               = unknown
/bin/machine           = unknown
/usr/bin/oslevel       = unknown
/bin/universe          = unknown

PATH: .
PATH: /bin
PATH: /pspdev/bin
PATH: /bin
PATH: /e/ARM/ADSv1_2/bin
PATH: /e/CTeX/LOCALT~1/ty/bin
PATH: /e/CTeX/LOCALT~1/cct/bin
PATH: /e/CTeX/texmf/miktex/bin
PATH: /e/CTeX/gs/gs8.51/bin
PATH: /e/CTeX/WinEdt
PATH: h/psp-staff/msys/bin
PATH: /c/WINDOWS/system32
PATH: /c/WINDOWS
PATH: /c/WINDOWS/System32/Wbem
PATH: /c/Perl/bin
PATH: /c/Program Files/SecureCRT/
PATH: /c/program files/python24/
PATH: /c/Program Files/Subversion/bin
PATH: /c/Program Files/doxygen/bin
PATH: /c/mplayer/
PATH: /c/Program Files/gnu/GnuPG/
PATH: /c/Program Files/SSH Communications Security/SSH Secure Shell
PATH: /c/Program Files/CVSNT/
PATH: /c/MingW/bin
PATH: /e/Cygwin/bin
PATH: /e/ARM/CodeSourcery/Sourcery G++ Lite/bin
PATH: /e/ARM/ADSv1_2/bin
PATH: /e/CTeX/LOCALT~1/ty/bin
PATH: /e/CTeX/LOCALT~1/cct/bin
PATH: /e/CTeX/texmf/miktex/bin
PATH: /e/CTeX/gs/gs8.51/bin
PATH: /e/CTeX/WinEdt
PATH: h/psp-staff/msys/bin
PATH: /c/WINDOWS/system32
PATH: /c/WINDOWS
PATH: /c/WINDOWS/System32/Wbem
PATH: /c/Perl/bin
PATH: /c/Program Files/SecureCRT/
PATH: /c/program files/python24/
PATH: /c/Program Files/Subversion/bin
PATH: /c/Program Files/doxygen/bin
PATH: /c/mplayer/
PATH: /c/Program Files/gnu/GnuPG/
PATH: /c/Program Files/SSH Communications Security/SSH Secure Shell
PATH: /c/Program Files/CVSNT/
PATH: /c/MingW/bin
PATH: /e/Cygwin/bin
PATH: .
PATH: .
PATH: /ps2dev/bin
PATH: /ps2dev/ee/bin
PATH: /ps2dev/iop/bin
PATH: /ps2dev/dvp/bin
PATH: /ps2dev/ps2sdk/bin


## ----------- ##
## Core tests. ##
## ----------- ##

configure:1559: checking for a BSD-compatible install
configure:1614: result: /bin/install -c
configure:1625: checking whether build environment is sane
configure:1668: result: yes
configure:1725: checking for gawk
configure:1741: found /bin/gawk
configure:1751: result: gawk
configure:1761: checking whether make sets $(MAKE)
configure:1781: result: yes
configure:1956: checking build system type
configure:1974: result: i686-pc-mingw32
configure:1982: checking host system type
configure:1996: result: i686-pc-mingw32
configure:2052: checking for gcc
configure:2068: found /bin/gcc
configure:2078: result: gcc
configure:2322: checking for C compiler version
configure:2325: gcc --version </dev/null >&5
gcc.exe (GCC) 3.4.6
Copyright (C) 2006 Free Software Foundation, Inc.
This is free software; see the source for copying conditions.  There is NO
warranty; not even for MERCHANTABILITY or FITNESS FOR A PARTICULAR PURPOSE.

configure:2328: $? = 0
configure:2330: gcc -v </dev/null >&5
Reading specs from E:/pspsdk/bin/../lib/gcc/i686-pc-mingw32/3.4.6/specs
Configured with: ../gcc-3.4.6/configure --enable-version-specific-runtime-libs --program-suffix=-3.4.6 --target=i686-pc-mingw32 --with-arch=i686 --prefix= --with-local-prefix= --enable-languages=c,c++ --enable-cxx-flags=-fno-function-sections -fno-data-sections --disable-bootstrap --enable-threads=win32 --disable-nls --disable-shared --enable-static --disable-werror --disable-libstdcxx-pch --disable-win32-registry --without-x --enable-interpreter --enable-hash-synchronization --enable-libstdcxx-debug
Thread model: win32
gcc version 3.4.6
configure:2333: $? = 0
configure:2335: gcc -V </dev/null >&5
gcc.exe: `-V' option must have argument
configure:2338: $? = 1
configure:2361: checking for C compiler default output file name
configure:2364: gcc    conftest.c  >&5
configure:2367: $? = 0
configure:2413: result: a.exe
configure:2418: checking whether the C compiler works
configure:2424: ./a.exe
configure:2427: $? = 0
configure:2444: result: yes
configure:2451: checking whether we are cross compiling
configure:2453: result: no
configure:2456: checking for suffix of executables
configure:2458: gcc -o conftest.exe    conftest.c  >&5
configure:2461: $? = 0
configure:2486: result: .exe
configure:2492: checking for suffix of object files
configure:2513: gcc -c   conftest.c >&5
configure:2516: $? = 0
configure:2538: result: o
configure:2542: checking whether we are using the GNU C compiler
configure:2566: gcc -c   conftest.c >&5
configure:2572: $? = 0
configure:2575: test -z 			 || test ! -s conftest.err
configure:2578: $? = 0
configure:2581: test -s conftest.o
configure:2584: $? = 0
configure:2597: result: yes
configure:2603: checking whether gcc accepts -g
configure:2624: gcc -c -g  conftest.c >&5
configure:2630: $? = 0
configure:2633: test -z 			 || test ! -s conftest.err
configure:2636: $? = 0
configure:2639: test -s conftest.o
configure:2642: $? = 0
configure:2653: result: yes
configure:2670: checking for gcc option to accept ANSI C
configure:2740: gcc  -c -g -O2  conftest.c >&5
configure:2746: $? = 0
configure:2749: test -z 			 || test ! -s conftest.err
configure:2752: $? = 0
configure:2755: test -s conftest.o
configure:2758: $? = 0
configure:2776: result: none needed
configure:2794: gcc -c -g -O2  conftest.c >&5
conftest.c:2: error: syntax error before "me"
configure:2800: $? = 1
configure: failed program was:
| #ifndef __cplusplus
|   choke me
| #endif
configure:2941: checking for style of include used by make
configure:2969: result: GNU
configure:2997: checking dependency style of gcc
configure:3080: result: gcc3
configure:3185: checking for a sed that does not truncate output
configure:3239: result: /bin/sed
configure:3242: checking for egrep
configure:3252: result: grep -E
configure:3268: checking for ld used by gcc
configure:3335: result: E:/pspsdk/i686-pc-mingw32/bin/ld.exe
configure:3344: checking if the linker (E:/pspsdk/i686-pc-mingw32/bin/ld.exe) is GNU ld
configure:3359: result: yes
configure:3364: checking for E:/pspsdk/i686-pc-mingw32/bin/ld.exe option to reload object files
configure:3371: result: -r
configure:3380: checking for BSD-compatible nm
configure:3422: result: /bin/nm
configure:3426: checking whether ln -s works
configure:3430: result: yes
configure:3437: checking how to recognise dependent libraries
configure:3611: result: file_magic file format pei*-i386(.*architecture: i386)?
configure:3824: checking how to run the C preprocessor
configure:3859: gcc -E  conftest.c
configure:3865: $? = 0
configure:3897: gcc -E  conftest.c
conftest.c:11:28: ac_nonexistent.h: No such file or directory
configure:3903: $? = 1
configure: failed program was:
| /* confdefs.h.  */
| 
| #define PACKAGE_NAME "ID3 Tag"
| #define PACKAGE_TARNAME "libid3tag"
| #define PACKAGE_VERSION "0.15.1b"
| #define PACKAGE_STRING "ID3 Tag 0.15.1b"
| #define PACKAGE_BUGREPORT "support@underbit.com"
| #define PACKAGE "libid3tag"
| #define VERSION "0.15.1b"
| /* end confdefs.h.  */
| #include <ac_nonexistent.h>
configure:3942: result: gcc -E
configure:3966: gcc -E  conftest.c
configure:3972: $? = 0
configure:4004: gcc -E  conftest.c
conftest.c:11:28: ac_nonexistent.h: No such file or directory
configure:4010: $? = 1
configure: failed program was:
| /* confdefs.h.  */
| 
| #define PACKAGE_NAME "ID3 Tag"
| #define PACKAGE_TARNAME "libid3tag"
| #define PACKAGE_VERSION "0.15.1b"
| #define PACKAGE_STRING "ID3 Tag 0.15.1b"
| #define PACKAGE_BUGREPORT "support@underbit.com"
| #define PACKAGE "libid3tag"
| #define VERSION "0.15.1b"
| /* end confdefs.h.  */
| #include <ac_nonexistent.h>
configure:4054: checking for ANSI C header files
configure:4079: gcc -c -g -O2  conftest.c >&5
configure:4085: $? = 0
configure:4088: test -z 			 || test ! -s conftest.err
configure:4091: $? = 0
configure:4094: test -s conftest.o
configure:4097: $? = 0
configure:4186: gcc -o conftest.exe -g -O2   conftest.c  >&5
configure:4189: $? = 0
configure:4191: ./conftest.exe
configure:4194: $? = 0
configure:4209: result: yes
configure:4233: checking for sys/types.h
configure:4249: gcc -c -g -O2  conftest.c >&5
configure:4255: $? = 0
configure:4258: test -z 			 || test ! -s conftest.err
configure:4261: $? = 0
configure:4264: test -s conftest.o
configure:4267: $? = 0
configure:4278: result: yes
configure:4233: checking for sys/stat.h
configure:4249: gcc -c -g -O2  conftest.c >&5
configure:4255: $? = 0
configure:4258: test -z 			 || test ! -s conftest.err
configure:4261: $? = 0
configure:4264: test -s conftest.o
configure:4267: $? = 0
configure:4278: result: yes
configure:4233: checking for stdlib.h
configure:4249: gcc -c -g -O2  conftest.c >&5
configure:4255: $? = 0
configure:4258: test -z 			 || test ! -s conftest.err
configure:4261: $? = 0
configure:4264: test -s conftest.o
configure:4267: $? = 0
configure:4278: result: yes
configure:4233: checking for string.h
configure:4249: gcc -c -g -O2  conftest.c >&5
configure:4255: $? = 0
configure:4258: test -z 			 || test ! -s conftest.err
configure:4261: $? = 0
configure:4264: test -s conftest.o
configure:4267: $? = 0
configure:4278: result: yes
configure:4233: checking for memory.h
configure:4249: gcc -c -g -O2  conftest.c >&5
configure:4255: $? = 0
configure:4258: test -z 			 || test ! -s conftest.err
configure:4261: $? = 0
configure:4264: test -s conftest.o
configure:4267: $? = 0
configure:4278: result: yes
configure:4233: checking for strings.h
configure:4249: gcc -c -g -O2  conftest.c >&5
configure:4255: $? = 0
configure:4258: test -z 			 || test ! -s conftest.err
configure:4261: $? = 0
configure:4264: test -s conftest.o
configure:4267: $? = 0
configure:4278: result: yes
configure:4233: checking for inttypes.h
configure:4249: gcc -c -g -O2  conftest.c >&5
configure:4255: $? = 0
configure:4258: test -z 			 || test ! -s conftest.err
configure:4261: $? = 0
configure:4264: test -s conftest.o
configure:4267: $? = 0
configure:4278: result: yes
configure:4233: checking for stdint.h
configure:4249: gcc -c -g -O2  conftest.c >&5
configure:4255: $? = 0
configure:4258: test -z 			 || test ! -s conftest.err
configure:4261: $? = 0
configure:4264: test -s conftest.o
configure:4267: $? = 0
configure:4278: result: yes
configure:4233: checking for unistd.h
configure:4249: gcc -c -g -O2  conftest.c >&5
configure:4255: $? = 0
configure:4258: test -z 			 || test ! -s conftest.err
configure:4261: $? = 0
configure:4264: test -s conftest.o
configure:4267: $? = 0
configure:4278: result: yes
configure:4304: checking dlfcn.h usability
configure:4316: gcc -c -g -O2  conftest.c >&5
conftest.c:55:19: dlfcn.h: No such file or directory
configure:4322: $? = 1
configure: failed program was:
| /* confdefs.h.  */
| 
| #define PACKAGE_NAME "ID3 Tag"
| #define PACKAGE_TARNAME "libid3tag"
| #define PACKAGE_VERSION "0.15.1b"
| #define PACKAGE_STRING "ID3 Tag 0.15.1b"
| #define PACKAGE_BUGREPORT "support@underbit.com"
| #define PACKAGE "libid3tag"
| #define VERSION "0.15.1b"
| #define STDC_HEADERS 1
| #define HAVE_SYS_TYPES_H 1
| #define HAVE_SYS_STAT_H 1
| #define HAVE_STDLIB_H 1
| #define HAVE_STRING_H 1
| #define HAVE_MEMORY_H 1
| #define HAVE_STRINGS_H 1
| #define HAVE_INTTYPES_H 1
| #define HAVE_STDINT_H 1
| #define HAVE_UNISTD_H 1
| /* end confdefs.h.  */
| #include <stdio.h>
| #if HAVE_SYS_TYPES_H
| # include <sys/types.h>
| #endif
| #if HAVE_SYS_STAT_H
| # include <sys/stat.h>
| #endif
| #if STDC_HEADERS
| # include <stdlib.h>
| # include <stddef.h>
| #else
| # if HAVE_STDLIB_H
| #  include <stdlib.h>
| # endif
| #endif
| #if HAVE_STRING_H
| # if !STDC_HEADERS && HAVE_MEMORY_H
| #  include <memory.h>
| # endif
| # include <string.h>
| #endif
| #if HAVE_STRINGS_H
| # include <strings.h>
| #endif
| #if HAVE_INTTYPES_H
| # include <inttypes.h>
| #else
| # if HAVE_STDINT_H
| #  include <stdint.h>
| # endif
| #endif
| #if HAVE_UNISTD_H
| # include <unistd.h>
| #endif
| #include <dlfcn.h>
configure:4344: result: no
configure:4348: checking dlfcn.h presence
configure:4358: gcc -E  conftest.c
conftest.c:21:19: dlfcn.h: No such file or directory
configure:4364: $? = 1
configure: failed program was:
| /* confdefs.h.  */
| 
| #define PACKAGE_NAME "ID3 Tag"
| #define PACKAGE_TARNAME "libid3tag"
| #define PACKAGE_VERSION "0.15.1b"
| #define PACKAGE_STRING "ID3 Tag 0.15.1b"
| #define PACKAGE_BUGREPORT "support@underbit.com"
| #define PACKAGE "libid3tag"
| #define VERSION "0.15.1b"
| #define STDC_HEADERS 1
| #define HAVE_SYS_TYPES_H 1
| #define HAVE_SYS_STAT_H 1
| #define HAVE_STDLIB_H 1
| #define HAVE_STRING_H 1
| #define HAVE_MEMORY_H 1
| #define HAVE_STRINGS_H 1
| #define HAVE_INTTYPES_H 1
| #define HAVE_STDINT_H 1
| #define HAVE_UNISTD_H 1
| /* end confdefs.h.  */
| #include <dlfcn.h>
configure:4384: result: no
configure:4419: checking for dlfcn.h
configure:4426: result: no
configure:4491: checking for g++
configure:4507: found /bin/g++
configure:4517: result: g++
configure:4533: checking for C++ compiler version
configure:4536: g++ --version </dev/null >&5
g++.exe (GCC) 3.4.6
Copyright (C) 2006 Free Software Foundation, Inc.
This is free software; see the source for copying conditions.  There is NO
warranty; not even for MERCHANTABILITY or FITNESS FOR A PARTICULAR PURPOSE.

configure:4539: $? = 0
configure:4541: g++ -v </dev/null >&5
Reading specs from E:/pspsdk/bin/../lib/gcc/i686-pc-mingw32/3.4.6/specs
Configured with: ../gcc-3.4.6/configure --enable-version-specific-runtime-libs --program-suffix=-3.4.6 --target=i686-pc-mingw32 --with-arch=i686 --prefix= --with-local-prefix= --enable-languages=c,c++ --enable-cxx-flags=-fno-function-sections -fno-data-sections --disable-bootstrap --enable-threads=win32 --disable-nls --disable-shared --enable-static --disable-werror --disable-libstdcxx-pch --disable-win32-registry --without-x --enable-interpreter --enable-hash-synchronization --enable-libstdcxx-debug
Thread model: win32
gcc version 3.4.6
configure:4544: $? = 0
configure:4546: g++ -V </dev/null >&5
g++.exe: `-V' option must have argument
configure:4549: $? = 1
configure:4552: checking whether we are using the GNU C++ compiler
configure:4576: g++ -c   conftest.cc >&5
configure:4582: $? = 0
configure:4585: test -z 			 || test ! -s conftest.err
configure:4588: $? = 0
configure:4591: test -s conftest.o
configure:4594: $? = 0
configure:4607: result: yes
configure:4613: checking whether g++ accepts -g
configure:4634: g++ -c -g  conftest.cc >&5
configure:4640: $? = 0
configure:4643: test -z 			 || test ! -s conftest.err
configure:4646: $? = 0
configure:4649: test -s conftest.o
configure:4652: $? = 0
configure:4663: result: yes
configure:4705: g++ -c -g -O2  conftest.cc >&5
configure:4711: $? = 0
configure:4714: test -z 			 || test ! -s conftest.err
configure:4717: $? = 0
configure:4720: test -s conftest.o
configure:4723: $? = 0
configure:4749: g++ -c -g -O2  conftest.cc >&5
conftest.cc: In function `int main()':
conftest.cc:25: error: `exit' was not declared in this scope
configure:4755: $? = 1
configure: failed program was:
| /* confdefs.h.  */
| 
| #define PACKAGE_NAME "ID3 Tag"
| #define PACKAGE_TARNAME "libid3tag"
| #define PACKAGE_VERSION "0.15.1b"
| #define PACKAGE_STRING "ID3 Tag 0.15.1b"
| #define PACKAGE_BUGREPORT "support@underbit.com"
| #define PACKAGE "libid3tag"
| #define VERSION "0.15.1b"
| #define STDC_HEADERS 1
| #define HAVE_SYS_TYPES_H 1
| #define HAVE_SYS_STAT_H 1
| #define HAVE_STDLIB_H 1
| #define HAVE_STRING_H 1
| #define HAVE_MEMORY_H 1
| #define HAVE_STRINGS_H 1
| #define HAVE_INTTYPES_H 1
| #define HAVE_STDINT_H 1
| #define HAVE_UNISTD_H 1
| /* end confdefs.h.  */
| 
| int
| main ()
| {
| exit (42);
|   ;
|   return 0;
| }
configure:4705: g++ -c -g -O2  conftest.cc >&5
configure:4711: $? = 0
configure:4714: test -z 			 || test ! -s conftest.err
configure:4717: $? = 0
configure:4720: test -s conftest.o
configure:4723: $? = 0
configure:4749: g++ -c -g -O2  conftest.cc >&5
configure:4755: $? = 0
configure:4758: test -z 			 || test ! -s conftest.err
configure:4761: $? = 0
configure:4764: test -s conftest.o
configure:4767: $? = 0
configure:4792: checking dependency style of g++
configure:4875: result: gcc3
configure:4897: checking how to run the C++ preprocessor
configure:4928: g++ -E  conftest.cc
configure:4934: $? = 0
configure:4966: g++ -E  conftest.cc
conftest.cc:24:28: ac_nonexistent.h: No such file or directory
configure:4972: $? = 1
configure: failed program was:
| /* confdefs.h.  */
| 
| #define PACKAGE_NAME "ID3 Tag"
| #define PACKAGE_TARNAME "libid3tag"
| #define PACKAGE_VERSION "0.15.1b"
| #define PACKAGE_STRING "ID3 Tag 0.15.1b"
| #define PACKAGE_BUGREPORT "support@underbit.com"
| #define PACKAGE "libid3tag"
| #define VERSION "0.15.1b"
| #define STDC_HEADERS 1
| #define HAVE_SYS_TYPES_H 1
| #define HAVE_SYS_STAT_H 1
| #define HAVE_STDLIB_H 1
| #define HAVE_STRING_H 1
| #define HAVE_MEMORY_H 1
| #define HAVE_STRINGS_H 1
| #define HAVE_INTTYPES_H 1
| #define HAVE_STDINT_H 1
| #define HAVE_UNISTD_H 1
| #ifdef __cplusplus
| extern "C" void std::exit (int) throw (); using std::exit;
| #endif
| /* end confdefs.h.  */
| #include <ac_nonexistent.h>
configure:5011: result: g++ -E
configure:5035: g++ -E  conftest.cc
configure:5041: $? = 0
configure:5073: g++ -E  conftest.cc
conftest.cc:24:28: ac_nonexistent.h: No such file or directory
configure:5079: $? = 1
configure: failed program was:
| /* confdefs.h.  */
| 
| #define PACKAGE_NAME "ID3 Tag"
| #define PACKAGE_TARNAME "libid3tag"
| #define PACKAGE_VERSION "0.15.1b"
| #define PACKAGE_STRING "ID3 Tag 0.15.1b"
| #define PACKAGE_BUGREPORT "support@underbit.com"
| #define PACKAGE "libid3tag"
| #define VERSION "0.15.1b"
| #define STDC_HEADERS 1
| #define HAVE_SYS_TYPES_H 1
| #define HAVE_SYS_STAT_H 1
| #define HAVE_STDLIB_H 1
| #define HAVE_STRING_H 1
| #define HAVE_MEMORY_H 1
| #define HAVE_STRINGS_H 1
| #define HAVE_INTTYPES_H 1
| #define HAVE_STDINT_H 1
| #define HAVE_UNISTD_H 1
| #ifdef __cplusplus
| extern "C" void std::exit (int) throw (); using std::exit;
| #endif
| /* end confdefs.h.  */
| #include <ac_nonexistent.h>
configure:5174: checking for g77
configure:5190: found /e/Cygwin/bin/g77
configure:5200: result: g77
configure:5215: checking for Fortran 77 compiler version
configure:5218: g77 --version </dev/null >&5
GNU Fortran 0.5.25 20010315 (release)
Copyright (C) 1997 Free Software Foundation, Inc.
For more version information on components of the GNU Fortran
compilation system, especially useful when reporting bugs,
type the command `g77 --verbose'.

GNU Fortran comes with NO WARRANTY, to the extent permitted by law.
You may redistribute copies of GNU Fortran
under the terms of the GNU General Public License.
For more information about these matters, see the file named COPYING
or type the command `info -f g77 Copying'.
configure:5221: $? = 0
configure:5223: g77 -v </dev/null >&5
g77 version 2.95.3-5 (cygwin special) (from FSF-g77 version 0.5.25 20010315 (release))
Driving: /usr/bin/g77 -v -c -xf77-version /dev/null -xnone
Reading specs from /usr/lib/gcc-lib/i686-pc-cygwin/2.95.3-5/specs
gcc version 2.95.3-5 (cygwin special)
 /usr/lib/gcc-lib/i686-pc-cygwin/2.95.3-5/cpp0.exe -lang-c -v -D__GNUC__=2 -D__GNUC_MINOR__=95 -D_X86_=1 -Asystem(winnt) -D_LANGUAGE_FORTRAN -traditional -Acpu(i386) -Amachine(i386) -Di386 -D__i386 -D__i386__ -Di686 -Dpentiumpro -D__i686 -D__i686__ -D__pentiumpro -D__pentiumpro__ -D__stdcall=__attribute__((__stdcall__)) -D__cdecl=__attribute__((__cdecl__)) -D_stdcall=__attribute__((__stdcall__)) -D_cdecl=__attribute__((__cdecl__)) -D__declspec(x)=__attribute__((x)) -D__CYGWIN32__ -D__CYGWIN__ -Dunix -D__unix__ -D__unix -isystem /usr/local/include -idirafter /usr/include -idirafter /usr/include/w32api /dev/null /dev/null
GNU CPP version 2.95.3-5 (cygwin special) (80386, BSD syntax)
#include "..." search starts here:
#include <...> search starts here:
 /usr/lib/gcc-lib/i686-pc-cygwin/2.95.3-5/include
 /usr/include
 /usr/include/w32api
End of search list.
The following default directories have been omitted from the search path:
End of omitted list.
 /usr/lib/gcc-lib/i686-pc-cygwin/2.95.3-5/f771.exe -fnull-version -quiet -dumpbase g77-version.f -version -fversion -o /cygdrive/c/DOCUME~1/BenQ/LOCALS~1/Temp/ccJL6WyQ.s /dev/null
GNU F77 version 2.95.3-5 (cygwin special) (i686-pc-cygwin) compiled by GNU C version 2.95.3-5 (cygwin special).
GNU Fortran Front End version 0.5.25 20010315 (release)
 /usr/lib/gcc-lib/i686-pc-cygwin/2.95.3-5/../../../../i686-pc-cygwin/bin/as.exe -o /cygdrive/c/DOCUME~1/BenQ/LOCALS~1/Temp/ccF4H2wR.o /cygdrive/c/DOCUME~1/BenQ/LOCALS~1/Temp/ccJL6WyQ.s
 /usr/lib/gcc-lib/i686-pc-cygwin/2.95.3-5/../../../../i686-pc-cygwin/bin/ld.exe -Bdynamic --dll-search-prefix=cyg -o /cygdrive/c/DOCUME~1/BenQ/LOCALS~1/Temp/ccvojDJ1 /cygdrive/c/DOCUME~1/BenQ/LOCALS~1/Temp/ccF4H2wR.o /usr/lib/crt0.o -L/usr/local/lib -L/usr/lib -L/usr/lib/w32api -L/usr/lib/gcc-lib/i686-pc-cygwin/2.95.3-5 -lg2c -lm -lgcc -lcygwin -luser32 -lkernel32 -ladvapi32 -lshell32 -lgcc
 /cygdrive/c/DOCUME~1/BenQ/LOCALS~1/Temp/ccvojDJ1
__G77_LIBF77_VERSION__: 0.5.25 20010315 (release)
@(#)LIBF77 VERSION 19990503
__G77_LIBI77_VERSION__: 0.5.25 20010315 (release)
@(#) LIBI77 VERSION pjw,dmg-mods 19990503
__G77_LIBU77_VERSION__: 0.5.25 20010315 (release)
@(#) LIBU77 VERSION 19980709
configure:5226: $? = 0
configure:5228: g77 -V </dev/null >&5
g77: argument to `-V' missing
configure:5231: $? = 1
configure:5239: checking whether we are using the GNU Fortran 77 compiler
configure:5253: g77 -c  conftest.F >&5
configure:5259: $? = 0
configure:5262: test -z 			 || test ! -s conftest.err
configure:5265: $? = 0
configure:5268: test -s conftest.o
configure:5271: $? = 0
configure:5284: result: yes
configure:5290: checking whether g77 accepts -g
configure:5302: g77 -c -g conftest.f >&5
configure:5308: $? = 0
configure:5311: test -z 			 || test ! -s conftest.err
configure:5314: $? = 0
configure:5317: test -s conftest.o
configure:5320: $? = 0
configure:5332: result: yes
configure:5362: checking the maximum length of command line arguments
configure:5427: result: 8192
configure:5438: checking command to parse /bin/nm output from gcc object
configure:5527: gcc -c -g -O2  conftest.c >&5
configure:5530: $? = 0
configure:5534: /bin/nm conftest.o \| sed -n -e 's/^.*[ 	]\([ABCDGIRSTW][ABCDGIRSTW]*\)[ 	][ 	]*\(\)\([_A-Za-z][_A-Za-z0-9]*\)\{0,1\}$/\1 \2\3 \3/p' \> conftest.nm
configure:5537: $? = 0
cannot find nm_test_var in conftest.nm
configure:5527: gcc -c -g -O2  conftest.c >&5
configure:5530: $? = 0
configure:5534: /bin/nm conftest.o \| sed -n -e 's/^.*[ 	]\([ABCDGIRSTW][ABCDGIRSTW]*\)[ 	][ 	]*\(_\)\([_A-Za-z][_A-Za-z0-9]*\)\{0,1\}$/\1 \2\3 \3/p' \> conftest.nm
configure:5537: $? = 0
configure:5589: gcc -o conftest.exe -g -O2   conftest.c conftstm.o >&5
configure:5592: $? = 0
configure:5630: result: ok
configure:5634: checking for objdir
configure:5649: result: .libs
configure:5739: checking for ar
configure:5755: found /bin/ar
configure:5766: result: ar
configure:5819: checking for ranlib
configure:5835: found /bin/ranlib
configure:5846: result: ranlib
configure:5899: checking for strip
configure:5915: found /bin/strip
configure:5926: result: strip
configure:6188: checking if gcc static flag  works
configure:6211: result: yes
configure:6229: checking if gcc supports -fno-rtti -fno-exceptions
configure:6247: gcc -c -g -O2  -fno-rtti -fno-exceptions conftest.c >&5
cc1.exe: warning: command line option "-fno-rtti" is valid for C++/ObjC++ but not for C
configure:6251: $? = 0
configure:6262: result: no
configure:6277: checking for gcc option to produce PIC
configure:6454: result: -DDLL_EXPORT
configure:6462: checking if gcc PIC flag -DDLL_EXPORT works
configure:6480: gcc -c -g -O2  -DDLL_EXPORT -DPIC conftest.c >&5
configure:6484: $? = 0
configure:6495: result: yes
configure:6519: checking if gcc supports -c -o file.o
configure:6540: gcc -c -g -O2  -o out/conftest2.o conftest.c >&5
configure:6544: $? = 0
configure:6564: result: yes
configure:6590: checking whether the gcc linker (E:/pspsdk/i686-pc-mingw32/bin/ld.exe) supports shared libraries
configure:7436: result: yes
configure:7462: checking whether -lc should be explicitly linked in
configure:7467: gcc -c -g -O2  conftest.c >&5
configure:7470: $? = 0
configure:7484: gcc -shared conftest.o  -v -o ./conftest -Wl,--image-base=0x10000000 -Wl,--out-implib,conftest 2\>\&1 \| grep  -lc  \>/dev/null 2\>\&1
configure:7487: $? = 1
configure:7499: result: yes
configure:7507: checking dynamic linker characteristics
configure:8047: result: Win32 ld.exe
configure:8051: checking how to hardcode library paths into programs
configure:8076: result: immediate
configure:8090: checking whether stripping libraries is possible
configure:8095: result: yes
configure:8918: checking if libtool supports shared libraries
configure:8920: result: yes
configure:8923: checking whether to build shared libraries
configure:8981: result: yes
configure:8984: checking whether to build static libraries
configure:8988: result: yes
configure:9080: creating libtool
configure:9627: checking for ld used by g++
configure:9694: result: E:/pspsdk/i686-pc-mingw32/bin/ld.exe
configure:9703: checking if the linker (E:/pspsdk/i686-pc-mingw32/bin/ld.exe) is GNU ld
configure:9718: result: yes
configure:9769: checking whether the g++ linker (E:/pspsdk/i686-pc-mingw32/bin/ld.exe) supports shared libraries
configure:10595: result: yes
configure:10613: g++ -c -g -O2  conftest.cc >&5
configure:10616: $? = 0
configure:10712: checking for g++ option to produce PIC
configure:10964: result: -DDLL_EXPORT
configure:10972: checking if g++ PIC flag -DDLL_EXPORT works
configure:10990: g++ -c -g -O2  -DDLL_EXPORT -DPIC conftest.cc >&5
configure:10994: $? = 0
configure:11005: result: yes
configure:11029: checking if g++ supports -c -o file.o
configure:11050: g++ -c -g -O2  -o out/conftest2.o conftest.cc >&5
configure:11054: $? = 0
configure:11074: result: yes
configure:11100: checking whether the g++ linker (E:/pspsdk/i686-pc-mingw32/bin/ld.exe) supports shared libraries
configure:11125: result: yes
configure:11196: checking dynamic linker characteristics
configure:11736: result: Win32 ld.exe
configure:11740: checking how to hardcode library paths into programs
configure:11765: result: immediate
configure:11779: checking whether stripping libraries is possible
configure:11784: result: yes
configure:13084: checking if libtool supports shared libraries
configure:13086: result: yes
configure:13089: checking whether to build shared libraries
configure:13107: result: yes
configure:13110: checking whether to build static libraries
configure:13114: result: yes
configure:13126: checking for g77 option to produce PIC
configure:13303: result: -DDLL_EXPORT
configure:13311: checking if g77 PIC flag -DDLL_EXPORT works
configure:13329: g77 -c -g -O2 -DDLL_EXPORT conftest.f >&5
configure:13333: $? = 0
configure:13344: result: yes
configure:13368: checking if g77 supports -c -o file.o
configure:13389: g77 -c -g -O2 -o out/conftest2.o conftest.f >&5
configure:13393: $? = 0
configure:13413: result: yes
configure:13439: checking whether the g77 linker (E:/pspsdk/i686-pc-mingw32/bin/ld.exe) supports shared libraries
configure:14265: result: yes
configure:14336: checking dynamic linker characteristics
configure:14876: result: Win32 ld.exe
configure:14880: checking how to hardcode library paths into programs
configure:14905: result: immediate
configure:14919: checking whether stripping libraries is possible
configure:14924: result: yes
configure:19056: checking for ANSI C header files
configure:19211: result: yes
configure:19236: checking assert.h usability
configure:19248: gcc -c -Wall  conftest.c >&5
configure:19254: $? = 0
configure:19257: test -z 			 || test ! -s conftest.err
configure:19260: $? = 0
configure:19263: test -s conftest.o
configure:19266: $? = 0
configure:19276: result: yes
configure:19280: checking assert.h presence
configure:19290: gcc -E  conftest.c
configure:19296: $? = 0
configure:19316: result: yes
configure:19351: checking for assert.h
configure:19358: result: yes
configure:19227: checking for unistd.h
configure:19232: result: yes
configure:19382: checking zlib.h usability
configure:19394: gcc -c -Wall  conftest.c >&5
configure:19400: $? = 0
configure:19403: test -z 			 || test ! -s conftest.err
configure:19406: $? = 0
configure:19409: test -s conftest.o
configure:19412: $? = 0
configure:19422: result: yes
configure:19426: checking zlib.h presence
configure:19436: gcc -E  conftest.c
configure:19442: $? = 0
configure:19462: result: yes
configure:19497: checking for zlib.h
configure:19504: result: yes
configure:19527: checking for an ANSI C-conforming const
configure:19594: gcc -c -Wall  conftest.c >&5
conftest.c: In function `main':
conftest.c:54: warning: unused variable `s'
conftest.c:74: warning: unused variable `foo'
conftest.c:35: warning: unused variable `x'
conftest.c:41: warning: unused variable `zero'
configure:19600: $? = 0
configure:19603: test -z 			 || test ! -s conftest.err
configure:19606: $? = 0
configure:19609: test -s conftest.o
configure:19612: $? = 0
configure:19623: result: yes
configure:19633: checking for inline
configure:19654: gcc -c -Wall  conftest.c >&5
configure:19660: $? = 0
configure:19663: test -z 			 || test ! -s conftest.err
configure:19666: $? = 0
configure:19669: test -s conftest.o
configure:19672: $? = 0
configure:19684: result: inline
configure:19709: checking for ftruncate
configure:19766: gcc -o conftest.exe -Wall   conftest.c  >&5
configure:19772: $? = 0
configure:19775: test -z 			 || test ! -s conftest.err
configure:19778: $? = 0
configure:19781: test -s conftest.exe
configure:19784: $? = 0
configure:19796: result: yes
configure:19808: checking for compress2 in -lz
configure:19838: gcc -o conftest.exe -Wall   conftest.c -lz   >&5
configure:19844: $? = 0
configure:19847: test -z 			 || test ! -s conftest.err
configure:19850: $? = 0
configure:19853: test -s conftest.exe
configure:19856: $? = 0
configure:19869: result: yes
configure:19949: checking whether to enable profiling
configure:19960: result: no
configure:19963: checking whether to enable debugging
configure:20000: result: default
configure:20145: creating ./config.status

## ---------------------- ##
## Running config.status. ##
## ---------------------- ##

This file was extended by ID3 Tag config.status 0.15.1b, which was
generated by GNU Autoconf 2.59.  Invocation command line was

  CONFIG_FILES    = 
  CONFIG_HEADERS  = 
  CONFIG_LINKS    = 
  CONFIG_COMMANDS = 
  $ ./config.status 

on LIQUID-NB

config.status:756: creating Makefile
config.status:756: creating msvc++/Makefile
config.status:756: creating libid3tag.list
config.status:822: creating config.h
config.status:1118: executing depfiles commands

## ---------------- ##
## Cache variables. ##
## ---------------- ##

ac_cv_build=i686-pc-mingw32
ac_cv_build_alias=i686-pc-mingw32
ac_cv_c_compiler_gnu=yes
ac_cv_c_const=yes
ac_cv_c_inline=inline
ac_cv_cxx_compiler_gnu=yes
ac_cv_env_CC_set=
ac_cv_env_CC_value=
ac_cv_env_CFLAGS_set=
ac_cv_env_CFLAGS_value=
ac_cv_env_CPPFLAGS_set=
ac_cv_env_CPPFLAGS_value=
ac_cv_env_CPP_set=
ac_cv_env_CPP_value=
ac_cv_env_CXXCPP_set=
ac_cv_env_CXXCPP_value=
ac_cv_env_CXXFLAGS_set=
ac_cv_env_CXXFLAGS_value=
ac_cv_env_CXX_set=
ac_cv_env_CXX_value=
ac_cv_env_F77_set=
ac_cv_env_F77_value=
ac_cv_env_FFLAGS_set=
ac_cv_env_FFLAGS_value=
ac_cv_env_LDFLAGS_set=
ac_cv_env_LDFLAGS_value=
ac_cv_env_build_alias_set=
ac_cv_env_build_alias_value=
ac_cv_env_host_alias_set=
ac_cv_env_host_alias_value=
ac_cv_env_target_alias_set=set
ac_cv_env_target_alias_value=psp
ac_cv_exeext=.exe
ac_cv_f77_compiler_gnu=yes
ac_cv_func_ftruncate=yes
ac_cv_header_assert_h=yes
ac_cv_header_dlfcn_h=no
ac_cv_header_inttypes_h=yes
ac_cv_header_memory_h=yes
ac_cv_header_stdc=yes
ac_cv_header_stdint_h=yes
ac_cv_header_stdlib_h=yes
ac_cv_header_string_h=yes
ac_cv_header_strings_h=yes
ac_cv_header_sys_stat_h=yes
ac_cv_header_sys_types_h=yes
ac_cv_header_unistd_h=yes
ac_cv_header_zlib_h=yes
ac_cv_host=i686-pc-mingw32
ac_cv_host_alias=i686-pc-mingw32
ac_cv_lib_z_compress2=yes
ac_cv_objext=o
ac_cv_path_install='/bin/install -c'
ac_cv_prog_AWK=gawk
ac_cv_prog_CPP='gcc -E'
ac_cv_prog_CXXCPP='g++ -E'
ac_cv_prog_ac_ct_AR=ar
ac_cv_prog_ac_ct_CC=gcc
ac_cv_prog_ac_ct_CXX=g++
ac_cv_prog_ac_ct_F77=g77
ac_cv_prog_ac_ct_RANLIB=ranlib
ac_cv_prog_ac_ct_STRIP=strip
ac_cv_prog_cc_g=yes
ac_cv_prog_cc_stdc=
ac_cv_prog_cxx_g=yes
ac_cv_prog_egrep='grep -E'
ac_cv_prog_f77_g=yes
ac_cv_prog_make_make_set=yes
am_cv_CC_dependencies_compiler_type=gcc3
am_cv_CXX_dependencies_compiler_type=gcc3
lt_cv_deplibs_check_method='file_magic file format pei*-i386(.*architecture: i386)?'
lt_cv_file_magic_cmd='$OBJDUMP -f'
lt_cv_file_magic_test_file=
lt_cv_ld_reload_flag=-r
lt_cv_objdir=.libs
lt_cv_path_LD=E:/pspsdk/i686-pc-mingw32/bin/ld.exe
lt_cv_path_LDCXX=E:/pspsdk/i686-pc-mingw32/bin/ld.exe
lt_cv_path_NM=/bin/nm
lt_cv_path_SED=/bin/sed
lt_cv_prog_compiler_c_o=yes
lt_cv_prog_compiler_c_o_CXX=yes
lt_cv_prog_compiler_c_o_F77=yes
lt_cv_prog_compiler_rtti_exceptions=no
lt_cv_prog_gnu_ld=yes
lt_cv_prog_gnu_ldcxx=yes
lt_cv_sys_global_symbol_pipe='sed -n -e '\''s/^.*[ 	]\([ABCDGIRSTW][ABCDGIRSTW]*\)[ 	][ 	]*\(_\)\([_A-Za-z][_A-Za-z0-9]*\)\{0,1\}$/\1 \2\3 \3/p'\'''
lt_cv_sys_global_symbol_to_c_name_address='sed -n -e '\''s/^: \([^ ]*\) $/  {\"\1\", (lt_ptr) 0},/p'\'' -e '\''s/^[BCDEGRST] \([^ ]*\) \([^ ]*\)$/  {"\2", (lt_ptr) \&\2},/p'\'''
lt_cv_sys_global_symbol_to_cdecl='sed -n -e '\''s/^. .* \(.*\)$/extern int \1;/p'\'''
lt_cv_sys_max_cmd_len=8192
lt_lt_cv_prog_compiler_c_o='"yes"'
lt_lt_cv_prog_compiler_c_o_CXX='"yes"'
lt_lt_cv_prog_compiler_c_o_F77='"yes"'
lt_lt_cv_sys_global_symbol_pipe='"sed -n -e '\''s/^.*[ 	]\\([ABCDGIRSTW][ABCDGIRSTW]*\\)[ 	][ 	]*\\(_\\)\\([_A-Za-z][_A-Za-z0-9]*\\)\\{0,1\\}\$/\\1 \\2\\3 \\3/p'\''"'
lt_lt_cv_sys_global_symbol_to_c_name_address='"sed -n -e '\''s/^: \\([^ ]*\\) \$/  {\\\"\\1\\\", (lt_ptr) 0},/p'\'' -e '\''s/^[BCDEGRST] \\([^ ]*\\) \\([^ ]*\\)\$/  {\"\\2\", (lt_ptr) \\&\\2},/p'\''"'
lt_lt_cv_sys_global_symbol_to_cdecl='"sed -n -e '\''s/^. .* \\(.*\\)\$/extern int \\1;/p'\''"'

## ----------------- ##
## Output variables. ##
## ----------------- ##

ACLOCAL='${SHELL} /e/xreader-ttf/libid3tag-0.15.1b/missing --run aclocal-1.8'
AMDEPBACKSLASH='\'
AMDEP_FALSE='#'
AMDEP_TRUE=''
AMTAR='${SHELL} /e/xreader-ttf/libid3tag-0.15.1b/missing --run tar'
AR='ar'
AUTOCONF='${SHELL} /e/xreader-ttf/libid3tag-0.15.1b/missing --run autoconf'
AUTOHEADER='${SHELL} /e/xreader-ttf/libid3tag-0.15.1b/missing --run autoheader'
AUTOMAKE='${SHELL} /e/xreader-ttf/libid3tag-0.15.1b/missing --run automake-1.8'
AWK='gawk'
CC='gcc'
CCDEPMODE='depmode=gcc3'
CFLAGS='-Wall -g -O2'
CPP='gcc -E'
CPPFLAGS=''
CXX='g++'
CXXCPP='g++ -E'
CXXDEPMODE='depmode=gcc3'
CXXFLAGS='-g -O2'
CYGPATH_W='cygpath -w'
DEBUG_FALSE=''
DEBUG_TRUE='#'
DEFS='-DHAVE_CONFIG_H'
DEPDIR='.deps'
ECHO='echo'
ECHO_C=''
ECHO_N='-n'
ECHO_T=''
EGREP='grep -E'
EXEEXT='.exe'
F77='g77'
FFLAGS='-g -O2'
INSTALL_DATA='${INSTALL} -m 644'
INSTALL_PROGRAM='${INSTALL}'
INSTALL_SCRIPT='${INSTALL}'
INSTALL_STRIP_PROGRAM='${SHELL} $(install_sh) -c -s'
LDFLAGS=''
LIBOBJS=''
LIBS='-lz '
LIBTOOL='$(SHELL) $(top_builddir)/libtool'
LIBTOOL_DEPS='./ltmain.sh'
LN_S='ln -s'
LTLIBOBJS=''
MAKEINFO='${SHELL} /e/xreader-ttf/libid3tag-0.15.1b/missing --run makeinfo'
OBJEXT='o'
PACKAGE='libid3tag'
PACKAGE_BUGREPORT='support@underbit.com'
PACKAGE_NAME='ID3 Tag'
PACKAGE_STRING='ID3 Tag 0.15.1b'
PACKAGE_TARNAME='libid3tag'
PACKAGE_VERSION='0.15.1b'
PATH_SEPARATOR=':'
RANLIB='ranlib'
SET_MAKE=''
SHELL='/bin/sh'
STRIP='strip'
VERSION='0.15.1b'
ac_ct_AR='ar'
ac_ct_CC='gcc'
ac_ct_CXX='g++'
ac_ct_F77='g77'
ac_ct_RANLIB='ranlib'
ac_ct_STRIP='strip'
am__fastdepCC_FALSE='#'
am__fastdepCC_TRUE=''
am__fastdepCXX_FALSE='#'
am__fastdepCXX_TRUE=''
am__include='include'
am__leading_dot='.'
am__quote=''
bindir='${exec_prefix}/bin'
build='i686-pc-mingw32'
build_alias=''
build_cpu='i686'
build_os='mingw32'
build_vendor='pc'
datadir='${prefix}/share'
exec_prefix='${prefix}'
host='i686-pc-mingw32'
host_alias=''
host_cpu='i686'
host_os='mingw32'
host_vendor='pc'
includedir='${prefix}/include'
infodir='${prefix}/info'
install_sh='/e/xreader-ttf/libid3tag-0.15.1b/install-sh'
libdir='${exec_prefix}/lib'
libexecdir='${exec_prefix}/libexec'
localstatedir='${prefix}/var'
mandir='${prefix}/man'
mkdir_p='mkdir -p -- .'
oldincludedir='/usr/include'
prefix='/usr/local'
program_transform_name='s,x,x,'
sbindir='${exec_prefix}/sbin'
sharedstatedir='${prefix}/com'
sysconfdir='${prefix}/etc'
target_alias='psp'

## ----------- ##
## confdefs.h. ##
## ----------- ##

#define HAVE_ASSERT_H 1
#define HAVE_FTRUNCATE 1
#define HAVE_INTTYPES_H 1
#define HAVE_LIBZ 1
#define HAVE_MEMORY_H 1
#define HAVE_STDINT_H 1
#define HAVE_STDLIB_H 1
#define HAVE_STRINGS_H 1
#define HAVE_STRING_H 1
#define HAVE_SYS_STAT_H 1
#define HAVE_SYS_TYPES_H 1
#define HAVE_UNISTD_H 1
#define HAVE_UNISTD_H 1
#define PACKAGE "libid3tag"
#define PACKAGE_BUGREPORT "support@underbit.com"
#define PACKAGE_NAME "ID3 Tag"
#define PACKAGE_STRING "ID3 Tag 0.15.1b"
#define PACKAGE_TARNAME "libid3tag"
#define PACKAGE_VERSION "0.15.1b"
#define STDC_HEADERS 1
#define STDC_HEADERS 1
#define VERSION "0.15.1b"
#endif
#ifdef __cplusplus
extern "C" void std::exit (int) throw (); using std::exit;

configure: exit 0
